{"name":"hexo","hostname":"lijinglun","pid":56583,"level":20,"msg":"Writing database to /Users/lijinglun/自己/hexo/hexo_blog/db.json","time":"2021-10-28T07:29:33.933Z","v":0}
{"name":"hexo","hostname":"lijinglun","pid":56583,"level":20,"msg":"Hexo version: \u001b[35m3.9.0\u001b[39m","time":"2021-10-28T07:29:33.949Z","v":0}
{"name":"hexo","hostname":"lijinglun","pid":56583,"level":20,"msg":"Working directory: \u001b[35m~/自己/hexo/hexo_blog/\u001b[39m","time":"2021-10-28T07:29:33.949Z","v":0}
{"name":"hexo","hostname":"lijinglun","pid":56583,"level":20,"msg":"Config loaded: \u001b[35m~/自己/hexo/hexo_blog/_config.yml\u001b[39m","time":"2021-10-28T07:29:34.102Z","v":0}
{"name":"hexo","hostname":"lijinglun","pid":56583,"level":20,"msg":"Plugin loaded: \u001b[35mhexo-generator-archive\u001b[39m","time":"2021-10-28T07:29:34.142Z","v":0}
{"name":"hexo","hostname":"lijinglun","pid":56583,"level":20,"msg":"Plugin loaded: \u001b[35mhexo-deployer-git\u001b[39m","time":"2021-10-28T07:29:34.235Z","v":0}
{"name":"hexo","hostname":"lijinglun","pid":56583,"level":20,"msg":"Plugin loaded: \u001b[35mhexo-generator-category\u001b[39m","time":"2021-10-28T07:29:34.237Z","v":0}
{"name":"hexo","hostname":"lijinglun","pid":56583,"level":20,"msg":"Plugin loaded: \u001b[35mhexo-filter-cleanup\u001b[39m","time":"2021-10-28T07:29:34.240Z","v":0}
{"name":"hexo","hostname":"lijinglun","pid":56583,"level":20,"msg":"Plugin loaded: \u001b[35mhexo-generator-feed\u001b[39m","time":"2021-10-28T07:29:34.243Z","v":0}
{"name":"hexo","hostname":"lijinglun","pid":56583,"level":20,"msg":"Plugin loaded: \u001b[35mhexo-generator-fragments\u001b[39m","time":"2021-10-28T07:29:34.246Z","v":0}
{"name":"hexo","hostname":"lijinglun","pid":56583,"level":20,"msg":"Plugin loaded: \u001b[35mhexo-generator-index\u001b[39m","time":"2021-10-28T07:29:34.248Z","v":0}
{"name":"hexo","hostname":"lijinglun","pid":56583,"level":20,"msg":"Plugin loaded: \u001b[35mhexo-generator-json-feed\u001b[39m","time":"2021-10-28T07:29:34.568Z","v":0}
{"name":"hexo","hostname":"lijinglun","pid":56583,"level":20,"msg":"Plugin loaded: \u001b[35mhexo-renderer-ejs\u001b[39m","time":"2021-10-28T07:29:34.574Z","v":0}
{"name":"hexo","hostname":"lijinglun","pid":56583,"level":20,"msg":"Plugin loaded: \u001b[35mhexo-generator-tag\u001b[39m","time":"2021-10-28T07:29:34.577Z","v":0}
{"name":"hexo","hostname":"lijinglun","pid":56583,"level":20,"msg":"Plugin loaded: \u001b[35mhexo-util\u001b[39m","time":"2021-10-28T07:29:34.577Z","v":0}
{"name":"hexo","hostname":"lijinglun","pid":56583,"level":20,"msg":"Plugin loaded: \u001b[35mhexo-renderer-marked\u001b[39m","time":"2021-10-28T07:29:34.586Z","v":0}
{"name":"hexo","hostname":"lijinglun","pid":56583,"level":20,"msg":"Plugin loaded: \u001b[35mhexo-server\u001b[39m","time":"2021-10-28T07:29:34.681Z","v":0}
{"name":"hexo","hostname":"lijinglun","pid":56583,"level":20,"msg":"Plugin loaded: \u001b[35mhexo-renderer-stylus\u001b[39m","time":"2021-10-28T07:29:34.682Z","v":0}
{"name":"hexo","hostname":"lijinglun","pid":56583,"level":20,"msg":"Plugin loaded: \u001b[35mhexo-wordcount\u001b[39m","time":"2021-10-28T07:29:34.764Z","v":0}
{"name":"hexo","hostname":"lijinglun","pid":56583,"level":20,"msg":"Script loaded: \u001b[35mthemes/lattice/scripts/helpers.js\u001b[39m","time":"2021-10-28T07:29:34.845Z","v":0}
{"name":"hexo","hostname":"lijinglun","pid":56583,"level":20,"msg":"Script loaded: \u001b[35mthemes/lattice/scripts/tags.js\u001b[39m","time":"2021-10-28T07:29:34.845Z","v":0}
{"name":"hexo","hostname":"lijinglun","pid":56583,"level":20,"msg":"Loading database.","time":"2021-10-28T07:29:34.847Z","v":0}
{"name":"hexo","hostname":"lijinglun","pid":56583,"level":30,"msg":"Start processing","time":"2021-10-28T07:29:34.854Z","v":0}
{"name":"hexo","hostname":"lijinglun","pid":56583,"level":20,"msg":"Processed: \u001b[35mCNAME\u001b[39m","time":"2021-10-28T07:29:34.885Z","v":0}
{"name":"hexo","hostname":"lijinglun","pid":56583,"level":20,"msg":"Processed: \u001b[35m_posts/cover.jpg\u001b[39m","time":"2021-10-28T07:29:34.932Z","v":0}
{"name":"hexo","hostname":"lijinglun","pid":56583,"level":20,"msg":"Theme config loaded.","time":"2021-10-28T07:29:34.973Z","v":0}
{"name":"hexo","hostname":"lijinglun","pid":56583,"level":20,"msg":"Processed: \u001b[35m_config.yml\u001b[39m","time":"2021-10-28T07:29:34.975Z","v":0}
{"name":"hexo","hostname":"lijinglun","pid":56583,"level":20,"msg":"Processed: \u001b[35m_posts/2017-07-24-chrome_1/1.png\u001b[39m","time":"2021-10-28T07:29:34.976Z","v":0}
{"name":"hexo","hostname":"lijinglun","pid":56583,"level":20,"msg":"Processed: \u001b[35m_posts/2017-07-24-chrome_1/3.png\u001b[39m","time":"2021-10-28T07:29:34.976Z","v":0}
{"name":"hexo","hostname":"lijinglun","pid":56583,"level":20,"msg":"Processed: \u001b[35m_posts/2017-07-24-chrome_1/5.png\u001b[39m","time":"2021-10-28T07:29:34.978Z","v":0}
{"name":"hexo","hostname":"lijinglun","pid":56583,"level":20,"msg":"Processed: \u001b[35m_posts/2017-08-06-canvas压缩图片/cover.jpg\u001b[39m","time":"2021-10-28T07:29:34.978Z","v":0}
{"name":"hexo","hostname":"lijinglun","pid":56583,"level":20,"msg":"Processed: \u001b[35m_posts/2017-07-24-chrome_1/cover.jpg\u001b[39m","time":"2021-10-28T07:29:34.979Z","v":0}
{"name":"hexo","hostname":"lijinglun","pid":56583,"level":20,"msg":"Processed: \u001b[35m_posts/2018-01-15-新年新展望/cover.jpg\u001b[39m","time":"2021-10-28T07:29:34.980Z","v":0}
{"name":"hexo","hostname":"lijinglun","pid":56583,"level":20,"msg":"Processed: \u001b[35m_posts/2018-04-27-登录/1.png\u001b[39m","time":"2021-10-28T07:29:34.981Z","v":0}
{"name":"hexo","hostname":"lijinglun","pid":56583,"level":20,"msg":"Processed: \u001b[35m_posts/2018-04-27-登录/cover.jpg\u001b[39m","time":"2021-10-28T07:29:34.981Z","v":0}
{"name":"hexo","hostname":"lijinglun","pid":56583,"level":20,"msg":"Processed: \u001b[35m_posts/2018-05-03-Phaser游戏开发2/phaser1.zip\u001b[39m","time":"2021-10-28T07:29:34.981Z","v":0}
{"name":"hexo","hostname":"lijinglun","pid":56583,"level":20,"msg":"Processed: \u001b[35msource/css/style.styl\u001b[39m","time":"2021-10-28T07:29:34.999Z","v":0}
{"name":"hexo","hostname":"lijinglun","pid":56583,"level":20,"msg":"Processed: \u001b[35msource/js/about.js\u001b[39m","time":"2021-10-28T07:29:34.999Z","v":0}
{"name":"hexo","hostname":"lijinglun","pid":56583,"level":20,"msg":"Processed: \u001b[35msource/js/post_wx_share.js\u001b[39m","time":"2021-10-28T07:29:35.000Z","v":0}
{"name":"hexo","hostname":"lijinglun","pid":56583,"level":20,"msg":"Processed: \u001b[35msource/img/android-chrome-144x144.png\u001b[39m","time":"2021-10-28T07:29:35.001Z","v":0}
{"name":"hexo","hostname":"lijinglun","pid":56583,"level":20,"msg":"Processed: \u001b[35msource/img/android-chrome-192x192.png\u001b[39m","time":"2021-10-28T07:29:35.001Z","v":0}
{"name":"hexo","hostname":"lijinglun","pid":56583,"level":20,"msg":"Processed: \u001b[35msource/img/android-chrome-256x256.png\u001b[39m","time":"2021-10-28T07:29:35.002Z","v":0}
{"name":"hexo","hostname":"lijinglun","pid":56583,"level":20,"msg":"Processed: \u001b[35msource/img/android-chrome-48x48.png\u001b[39m","time":"2021-10-28T07:29:35.002Z","v":0}
{"name":"hexo","hostname":"lijinglun","pid":56583,"level":20,"msg":"Processed: \u001b[35msource/img/android-chrome-384x384.png\u001b[39m","time":"2021-10-28T07:29:35.004Z","v":0}
{"name":"hexo","hostname":"lijinglun","pid":56583,"level":20,"msg":"Processed: \u001b[35msource/img/android-chrome-36x36.png\u001b[39m","time":"2021-10-28T07:29:35.005Z","v":0}
{"name":"hexo","hostname":"lijinglun","pid":56583,"level":20,"msg":"Processed: \u001b[35msource/img/android-chrome-96x96.png\u001b[39m","time":"2021-10-28T07:29:35.005Z","v":0}
{"name":"hexo","hostname":"lijinglun","pid":56583,"level":20,"msg":"Processed: \u001b[35msource/img/android-chrome-72x72.png\u001b[39m","time":"2021-10-28T07:29:35.006Z","v":0}
{"name":"hexo","hostname":"lijinglun","pid":56583,"level":20,"msg":"Processed: \u001b[35msource/img/apple-touch-icon-114x114.png\u001b[39m","time":"2021-10-28T07:29:35.008Z","v":0}
{"name":"hexo","hostname":"lijinglun","pid":56583,"level":20,"msg":"Processed: \u001b[35msource/img/apple-touch-icon-120x120.png\u001b[39m","time":"2021-10-28T07:29:35.008Z","v":0}
{"name":"hexo","hostname":"lijinglun","pid":56583,"level":20,"msg":"Processed: \u001b[35msource/img/apple-touch-icon-152x152.png\u001b[39m","time":"2021-10-28T07:29:35.009Z","v":0}
{"name":"hexo","hostname":"lijinglun","pid":56583,"level":20,"msg":"Processed: \u001b[35msource/img/apple-touch-icon-167x167.png\u001b[39m","time":"2021-10-28T07:29:35.010Z","v":0}
{"name":"hexo","hostname":"lijinglun","pid":56583,"level":20,"msg":"Processed: \u001b[35msource/img/apple-touch-icon-144x144.png\u001b[39m","time":"2021-10-28T07:29:35.010Z","v":0}
{"name":"hexo","hostname":"lijinglun","pid":56583,"level":20,"msg":"Processed: \u001b[35msource/img/apple-touch-icon-180x180.png\u001b[39m","time":"2021-10-28T07:29:35.011Z","v":0}
{"name":"hexo","hostname":"lijinglun","pid":56583,"level":20,"msg":"Processed: \u001b[35msource/img/apple-touch-icon-57x57.png\u001b[39m","time":"2021-10-28T07:29:35.011Z","v":0}
{"name":"hexo","hostname":"lijinglun","pid":56583,"level":20,"msg":"Processed: \u001b[35msource/img/apple-touch-icon-60x60.png\u001b[39m","time":"2021-10-28T07:29:35.012Z","v":0}
{"name":"hexo","hostname":"lijinglun","pid":56583,"level":20,"msg":"Processed: \u001b[35msource/img/apple-touch-icon-76x76.png\u001b[39m","time":"2021-10-28T07:29:35.012Z","v":0}
{"name":"hexo","hostname":"lijinglun","pid":56583,"level":20,"msg":"Processed: \u001b[35msource/img/apple-touch-icon-72x72.png\u001b[39m","time":"2021-10-28T07:29:35.013Z","v":0}
{"name":"hexo","hostname":"lijinglun","pid":56583,"level":20,"msg":"Processed: \u001b[35msource/img/ball_195.png\u001b[39m","time":"2021-10-28T07:29:35.013Z","v":0}
{"name":"hexo","hostname":"lijinglun","pid":56583,"level":20,"msg":"Processed: \u001b[35msource/img/apple-touch-icon.png\u001b[39m","time":"2021-10-28T07:29:35.014Z","v":0}
{"name":"hexo","hostname":"lijinglun","pid":56583,"level":20,"msg":"Processed: \u001b[35msource/img/apple-touch-icon-precomposed.png\u001b[39m","time":"2021-10-28T07:29:35.014Z","v":0}
{"name":"hexo","hostname":"lijinglun","pid":56583,"level":20,"msg":"Processed: \u001b[35msource/img/browserconfig.xml\u001b[39m","time":"2021-10-28T07:29:35.014Z","v":0}
{"name":"hexo","hostname":"lijinglun","pid":56583,"level":20,"msg":"Processed: \u001b[35msource/img/favicon-16x16.png\u001b[39m","time":"2021-10-28T07:29:35.015Z","v":0}
{"name":"hexo","hostname":"lijinglun","pid":56583,"level":20,"msg":"Processed: \u001b[35msource/img/banner1.png\u001b[39m","time":"2021-10-28T07:29:35.015Z","v":0}
{"name":"hexo","hostname":"lijinglun","pid":56583,"level":20,"msg":"Processed: \u001b[35msource/img/favicon-96x96.png\u001b[39m","time":"2021-10-28T07:29:35.016Z","v":0}
{"name":"hexo","hostname":"lijinglun","pid":56583,"level":20,"msg":"Processed: \u001b[35msource/img/favicon-230x230.png\u001b[39m","time":"2021-10-28T07:29:35.016Z","v":0}
{"name":"hexo","hostname":"lijinglun","pid":56583,"level":20,"msg":"Processed: \u001b[35msource/img/favicon-32x32.png\u001b[39m","time":"2021-10-28T07:29:35.016Z","v":0}
{"name":"hexo","hostname":"lijinglun","pid":56583,"level":20,"msg":"Processed: \u001b[35msource/img/favicon.ico\u001b[39m","time":"2021-10-28T07:29:35.017Z","v":0}
{"name":"hexo","hostname":"lijinglun","pid":56583,"level":20,"msg":"Processed: \u001b[35msource/img/logo-circle-120.png\u001b[39m","time":"2021-10-28T07:29:35.017Z","v":0}
{"name":"hexo","hostname":"lijinglun","pid":56583,"level":20,"msg":"Processed: \u001b[35msource/img/logo.png\u001b[39m","time":"2021-10-28T07:29:35.018Z","v":0}
{"name":"hexo","hostname":"lijinglun","pid":56583,"level":20,"msg":"Processed: \u001b[35msource/img/manifest.json\u001b[39m","time":"2021-10-28T07:29:35.018Z","v":0}
{"name":"hexo","hostname":"lijinglun","pid":56583,"level":20,"msg":"Processed: \u001b[35msource/img/mstile-144x144.png\u001b[39m","time":"2021-10-28T07:29:35.019Z","v":0}
{"name":"hexo","hostname":"lijinglun","pid":56583,"level":20,"msg":"Processed: \u001b[35msource/img/mstile-150x150.png\u001b[39m","time":"2021-10-28T07:29:35.019Z","v":0}
{"name":"hexo","hostname":"lijinglun","pid":56583,"level":20,"msg":"Processed: \u001b[35msource/img/mstile-310x150.png\u001b[39m","time":"2021-10-28T07:29:35.020Z","v":0}
{"name":"hexo","hostname":"lijinglun","pid":56583,"level":20,"msg":"Processed: \u001b[35msource/img/mstile-310x310.png\u001b[39m","time":"2021-10-28T07:29:35.021Z","v":0}
{"name":"hexo","hostname":"lijinglun","pid":56583,"level":20,"msg":"Processed: \u001b[35msource/img/o2logo.png\u001b[39m","time":"2021-10-28T07:29:35.022Z","v":0}
{"name":"hexo","hostname":"lijinglun","pid":56583,"level":20,"msg":"Processed: \u001b[35msource/img/mstile-70x70.png\u001b[39m","time":"2021-10-28T07:29:35.022Z","v":0}
{"name":"hexo","hostname":"lijinglun","pid":56583,"level":20,"msg":"Processed: \u001b[35msource/img/o2logo@2x.png\u001b[39m","time":"2021-10-28T07:29:35.023Z","v":0}
{"name":"hexo","hostname":"lijinglun","pid":56583,"level":20,"msg":"Processed: \u001b[35msource/img/qrcode.jpg\u001b[39m","time":"2021-10-28T07:29:35.024Z","v":0}
{"name":"hexo","hostname":"lijinglun","pid":56583,"level":20,"msg":"Processed: \u001b[35m_posts/2017-07-24-chrome_1/6.png\u001b[39m","time":"2021-10-28T07:29:35.024Z","v":0}
{"name":"hexo","hostname":"lijinglun","pid":56583,"level":20,"msg":"Processed: \u001b[35msource/img/qrcode.png\u001b[39m","time":"2021-10-28T07:29:35.024Z","v":0}
{"name":"hexo","hostname":"lijinglun","pid":56583,"level":20,"msg":"Processed: \u001b[35mlayout/_layout.swig\u001b[39m","time":"2021-10-28T07:29:35.072Z","v":0}
{"name":"hexo","hostname":"lijinglun","pid":56583,"level":20,"msg":"Processed: \u001b[35mlayout/about.swig\u001b[39m","time":"2021-10-28T07:29:35.075Z","v":0}
{"name":"hexo","hostname":"lijinglun","pid":56583,"level":20,"msg":"Processed: \u001b[35mlayout/category.swig\u001b[39m","time":"2021-10-28T07:29:35.075Z","v":0}
{"name":"hexo","hostname":"lijinglun","pid":56583,"level":20,"msg":"Processed: \u001b[35mlayout/fragments.swig\u001b[39m","time":"2021-10-28T07:29:35.075Z","v":0}
{"name":"hexo","hostname":"lijinglun","pid":56583,"level":20,"msg":"Processed: \u001b[35mlayout/index.swig\u001b[39m","time":"2021-10-28T07:29:35.075Z","v":0}
{"name":"hexo","hostname":"lijinglun","pid":56583,"level":20,"msg":"Processed: \u001b[35mlayout/join.swig\u001b[39m","time":"2021-10-28T07:29:35.075Z","v":0}
{"name":"hexo","hostname":"lijinglun","pid":56583,"level":20,"msg":"Processed: \u001b[35mlayout/page.swig\u001b[39m","time":"2021-10-28T07:29:35.075Z","v":0}
{"name":"hexo","hostname":"lijinglun","pid":56583,"level":20,"msg":"Processed: \u001b[35mlayout/search.swig\u001b[39m","time":"2021-10-28T07:29:35.075Z","v":0}
{"name":"hexo","hostname":"lijinglun","pid":56583,"level":20,"msg":"Processed: \u001b[35mlayout/post.swig\u001b[39m","time":"2021-10-28T07:29:35.075Z","v":0}
{"name":"hexo","hostname":"lijinglun","pid":56583,"level":20,"msg":"Processed: \u001b[35mabout/index.md\u001b[39m","time":"2021-10-28T07:29:35.094Z","v":0}
{"name":"hexo","hostname":"lijinglun","pid":56583,"level":20,"msg":"Processed: \u001b[35mlanguages/en.yml\u001b[39m","time":"2021-10-28T07:29:35.094Z","v":0}
{"name":"hexo","hostname":"lijinglun","pid":56583,"level":20,"msg":"Processed: \u001b[35mlanguages/zh-cn.yml\u001b[39m","time":"2021-10-28T07:29:35.095Z","v":0}
{"name":"hexo","hostname":"lijinglun","pid":56583,"level":20,"msg":"Processed: \u001b[35mcates/index.md\u001b[39m","time":"2021-10-28T07:29:35.097Z","v":0}
{"name":"hexo","hostname":"lijinglun","pid":56583,"level":20,"msg":"Processed: \u001b[35msource/fonts/fontawesome-webfont.eot\u001b[39m","time":"2021-10-28T07:29:35.101Z","v":0}
{"name":"hexo","hostname":"lijinglun","pid":56583,"level":20,"msg":"Processed: \u001b[35msource/fonts/FontAwesome.otf\u001b[39m","time":"2021-10-28T07:29:35.104Z","v":0}
{"name":"hexo","hostname":"lijinglun","pid":56583,"level":20,"msg":"Processed: \u001b[35msource/fonts/fontawesome-webfont.woff\u001b[39m","time":"2021-10-28T07:29:35.109Z","v":0}
{"name":"hexo","hostname":"lijinglun","pid":56583,"level":20,"msg":"Processed: \u001b[35msource/fonts/fontawesome-webfont.woff2\u001b[39m","time":"2021-10-28T07:29:35.112Z","v":0}
{"name":"hexo","hostname":"lijinglun","pid":56583,"level":20,"msg":"Processed: \u001b[35msource/img/android-chrome-512x512.png\u001b[39m","time":"2021-10-28T07:29:35.114Z","v":0}
{"name":"hexo","hostname":"lijinglun","pid":56583,"level":20,"msg":"Processed: \u001b[35msource/img/banner.png\u001b[39m","time":"2021-10-28T07:29:35.120Z","v":0}
{"name":"hexo","hostname":"lijinglun","pid":56583,"level":20,"msg":"Processed: \u001b[35m_posts/2018-04-27-登录/2.png\u001b[39m","time":"2021-10-28T07:29:35.126Z","v":0}
{"name":"hexo","hostname":"lijinglun","pid":56583,"level":20,"msg":"Processed: \u001b[35m_posts/hello-world.md\u001b[39m","time":"2021-10-28T07:29:35.156Z","v":0}
{"name":"hexo","hostname":"lijinglun","pid":56583,"level":20,"msg":"Processed: \u001b[35m_data/cases.yml\u001b[39m","time":"2021-10-28T07:29:35.158Z","v":0}
{"name":"hexo","hostname":"lijinglun","pid":56583,"level":20,"msg":"Processed: \u001b[35m_data/cates.yml\u001b[39m","time":"2021-10-28T07:29:35.159Z","v":0}
{"name":"hexo","hostname":"lijinglun","pid":56583,"level":20,"msg":"Processed: \u001b[35m_data/languages.yml\u001b[39m","time":"2021-10-28T07:29:35.161Z","v":0}
{"name":"hexo","hostname":"lijinglun","pid":56583,"level":20,"msg":"Processed: \u001b[35m_data/links.yml\u001b[39m","time":"2021-10-28T07:29:35.163Z","v":0}
{"name":"hexo","hostname":"lijinglun","pid":56583,"level":20,"msg":"Processed: \u001b[35msource/assets/fancybox/fancybox_loading.gif\u001b[39m","time":"2021-10-28T07:29:35.171Z","v":0}
{"name":"hexo","hostname":"lijinglun","pid":56583,"level":20,"msg":"Processed: \u001b[35msource/assets/fancybox/fancybox_loading@2x.gif\u001b[39m","time":"2021-10-28T07:29:35.173Z","v":0}
{"name":"hexo","hostname":"lijinglun","pid":56583,"level":20,"msg":"Processed: \u001b[35msource/assets/fancybox/fancybox_overlay.png\u001b[39m","time":"2021-10-28T07:29:35.174Z","v":0}
{"name":"hexo","hostname":"lijinglun","pid":56583,"level":20,"msg":"Processed: \u001b[35msource/assets/fancybox/fancybox_sprite.png\u001b[39m","time":"2021-10-28T07:29:35.176Z","v":0}
{"name":"hexo","hostname":"lijinglun","pid":56583,"level":20,"msg":"Processed: \u001b[35msource/assets/fancybox/fancybox_sprite@2x.png\u001b[39m","time":"2021-10-28T07:29:35.177Z","v":0}
{"name":"hexo","hostname":"lijinglun","pid":56583,"level":20,"msg":"Processed: \u001b[35msource/assets/fancybox/blank.gif\u001b[39m","time":"2021-10-28T07:29:35.179Z","v":0}
{"name":"hexo","hostname":"lijinglun","pid":56583,"level":20,"msg":"Processed: \u001b[35msource/assets/fancybox/jquery.fancybox.css\u001b[39m","time":"2021-10-28T07:29:35.180Z","v":0}
{"name":"hexo","hostname":"lijinglun","pid":56583,"level":20,"msg":"Processed: \u001b[35msource/assets/fancybox/jquery.fancybox.js\u001b[39m","time":"2021-10-28T07:29:35.182Z","v":0}
{"name":"hexo","hostname":"lijinglun","pid":56583,"level":20,"msg":"Processed: \u001b[35msource/assets/fancybox/jquery.fancybox.pack.js\u001b[39m","time":"2021-10-28T07:29:35.183Z","v":0}
{"name":"hexo","hostname":"lijinglun","pid":56583,"level":20,"msg":"Processed: \u001b[35msource/js/libs/base64.js\u001b[39m","time":"2021-10-28T07:29:35.185Z","v":0}
{"name":"hexo","hostname":"lijinglun","pid":56583,"level":20,"msg":"Processed: \u001b[35msource/fonts/fontawesome-webfont.ttf\u001b[39m","time":"2021-10-28T07:29:35.188Z","v":0}
{"name":"hexo","hostname":"lijinglun","pid":56583,"level":20,"msg":"Processed: \u001b[35msource/js/libs/debounce.js\u001b[39m","time":"2021-10-28T07:29:35.190Z","v":0}
{"name":"hexo","hostname":"lijinglun","pid":56583,"level":20,"msg":"Processed: \u001b[35msource/js/libs/hogan-3.0.2.js\u001b[39m","time":"2021-10-28T07:29:35.191Z","v":0}
{"name":"hexo","hostname":"lijinglun","pid":56583,"level":20,"msg":"Processed: \u001b[35msource/js/libs/jquery.scrollPager.js\u001b[39m","time":"2021-10-28T07:29:35.193Z","v":0}
{"name":"hexo","hostname":"lijinglun","pid":56583,"level":20,"msg":"Processed: \u001b[35msource/js/libs/lunr.js\u001b[39m","time":"2021-10-28T07:29:35.194Z","v":0}
{"name":"hexo","hostname":"lijinglun","pid":56583,"level":20,"msg":"Processed: \u001b[35msource/js/libs/xhogan.js\u001b[39m","time":"2021-10-28T07:29:35.195Z","v":0}
{"name":"hexo","hostname":"lijinglun","pid":56583,"level":20,"msg":"Processed: \u001b[35msource/js/libs/ua-parser.js\u001b[39m","time":"2021-10-28T07:29:35.196Z","v":0}
{"name":"hexo","hostname":"lijinglun","pid":56583,"level":20,"msg":"Processed: \u001b[35msource/js/mods/common.js\u001b[39m","time":"2021-10-28T07:29:35.198Z","v":0}
{"name":"hexo","hostname":"lijinglun","pid":56583,"level":20,"msg":"Processed: \u001b[35msource/js/mods/duoshuo.js\u001b[39m","time":"2021-10-28T07:29:35.200Z","v":0}
{"name":"hexo","hostname":"lijinglun","pid":56583,"level":20,"msg":"Processed: \u001b[35msource/js/mods/scrollPager.js\u001b[39m","time":"2021-10-28T07:29:35.201Z","v":0}
{"name":"hexo","hostname":"lijinglun","pid":56583,"level":20,"msg":"Processed: \u001b[35msource/js/mods/jweixin-1.0.0.js\u001b[39m","time":"2021-10-28T07:29:35.203Z","v":0}
{"name":"hexo","hostname":"lijinglun","pid":56583,"level":20,"msg":"Processed: \u001b[35msource/js/mods/console.js\u001b[39m","time":"2021-10-28T07:29:35.204Z","v":0}
{"name":"hexo","hostname":"lijinglun","pid":56583,"level":20,"msg":"Processed: \u001b[35msource/js/mods/search_result.js\u001b[39m","time":"2021-10-28T07:29:35.206Z","v":0}
{"name":"hexo","hostname":"lijinglun","pid":56583,"level":20,"msg":"Processed: \u001b[35msource/js/mods/util.js\u001b[39m","time":"2021-10-28T07:29:35.208Z","v":0}
{"name":"hexo","hostname":"lijinglun","pid":56583,"level":20,"msg":"Processed: \u001b[35msource/js/mods/toc.js\u001b[39m","time":"2021-10-28T07:29:35.211Z","v":0}
{"name":"hexo","hostname":"lijinglun","pid":56583,"level":20,"msg":"Processed: \u001b[35msource/img/about1.jpeg\u001b[39m","time":"2021-10-28T07:29:35.213Z","v":0}
{"name":"hexo","hostname":"lijinglun","pid":56583,"level":20,"msg":"Processed: \u001b[35m_posts/2017-07-24-chrome_1/4.png\u001b[39m","time":"2021-10-28T07:29:35.213Z","v":0}
{"name":"hexo","hostname":"lijinglun","pid":56583,"level":20,"msg":"Processed: \u001b[35m_posts/2018-04-27-Phaser游戏开发.md\u001b[39m","time":"2021-10-28T07:29:35.220Z","v":0}
{"name":"hexo","hostname":"lijinglun","pid":56583,"level":20,"msg":"Processed: \u001b[35m_data/menu.yml\u001b[39m","time":"2021-10-28T07:29:35.222Z","v":0}
{"name":"hexo","hostname":"lijinglun","pid":56583,"level":20,"msg":"Processed: \u001b[35m_posts/2018-05-03-Phaser游戏开发2.md\u001b[39m","time":"2021-10-28T07:29:35.230Z","v":0}
{"name":"hexo","hostname":"lijinglun","pid":56583,"level":20,"msg":"Processed: \u001b[35m_posts/2017-08-06-canvas压缩图片.md\u001b[39m","time":"2021-10-28T07:29:35.234Z","v":0}
{"name":"hexo","hostname":"lijinglun","pid":56583,"level":20,"msg":"Processed: \u001b[35msource/assets/fancybox/helpers/fancybox_buttons.png\u001b[39m","time":"2021-10-28T07:29:35.237Z","v":0}
{"name":"hexo","hostname":"lijinglun","pid":56583,"level":20,"msg":"Processed: \u001b[35msource/assets/fancybox/helpers/jquery.fancybox-buttons.css\u001b[39m","time":"2021-10-28T07:29:35.240Z","v":0}
{"name":"hexo","hostname":"lijinglun","pid":56583,"level":20,"msg":"Processed: \u001b[35m_posts/2018-01-15-新年新展望.md\u001b[39m","time":"2021-10-28T07:29:35.241Z","v":0}
{"name":"hexo","hostname":"lijinglun","pid":56583,"level":20,"msg":"Processed: \u001b[35msource/assets/fancybox/helpers/jquery.fancybox-media.js\u001b[39m","time":"2021-10-28T07:29:35.243Z","v":0}
{"name":"hexo","hostname":"lijinglun","pid":56583,"level":20,"msg":"Processed: \u001b[35msource/assets/fancybox/helpers/jquery.fancybox-thumbs.css\u001b[39m","time":"2021-10-28T07:29:35.245Z","v":0}
{"name":"hexo","hostname":"lijinglun","pid":56583,"level":20,"msg":"Processed: \u001b[35m_posts/2018-04-27-登录.md\u001b[39m","time":"2021-10-28T07:29:35.245Z","v":0}
{"name":"hexo","hostname":"lijinglun","pid":56583,"level":20,"msg":"Processed: \u001b[35msource/assets/fancybox/helpers/jquery.fancybox-thumbs.js\u001b[39m","time":"2021-10-28T07:29:35.247Z","v":0}
{"name":"hexo","hostname":"lijinglun","pid":56583,"level":20,"msg":"Processed: \u001b[35msource/assets/fancybox/helpers/jquery.fancybox-buttons.js\u001b[39m","time":"2021-10-28T07:29:35.252Z","v":0}
{"name":"hexo","hostname":"lijinglun","pid":56583,"level":20,"msg":"Processed: \u001b[35msource/img/ball_1408.png\u001b[39m","time":"2021-10-28T07:29:35.255Z","v":0}
{"name":"hexo","hostname":"lijinglun","pid":56583,"level":20,"msg":"Processed: \u001b[35m_posts/2017-07-24-chrome_1.md\u001b[39m","time":"2021-10-28T07:29:35.263Z","v":0}
{"name":"hexo","hostname":"lijinglun","pid":56583,"level":20,"msg":"Processed: \u001b[35m_posts/2017-07-24-chrome_1/2.png\u001b[39m","time":"2021-10-28T07:29:35.263Z","v":0}
{"name":"hexo","hostname":"lijinglun","pid":56583,"level":20,"msg":"Processed: \u001b[35mlayout/_partial/about/main.swig\u001b[39m","time":"2021-10-28T07:29:35.296Z","v":0}
{"name":"hexo","hostname":"lijinglun","pid":56583,"level":20,"msg":"Processed: \u001b[35mlayout/_partial/common/footer.swig\u001b[39m","time":"2021-10-28T07:29:35.296Z","v":0}
{"name":"hexo","hostname":"lijinglun","pid":56583,"level":20,"msg":"Processed: \u001b[35mlayout/_partial/common/head.swig\u001b[39m","time":"2021-10-28T07:29:35.296Z","v":0}
{"name":"hexo","hostname":"lijinglun","pid":56583,"level":20,"msg":"Processed: \u001b[35mlayout/_partial/common/after_footer.swig\u001b[39m","time":"2021-10-28T07:29:35.297Z","v":0}
{"name":"hexo","hostname":"lijinglun","pid":56583,"level":20,"msg":"Processed: \u001b[35mlayout/_partial/common/header.swig\u001b[39m","time":"2021-10-28T07:29:35.297Z","v":0}
{"name":"hexo","hostname":"lijinglun","pid":56583,"level":20,"msg":"Processed: \u001b[35mlayout/_partial/common/pagination.swig\u001b[39m","time":"2021-10-28T07:29:35.297Z","v":0}
{"name":"hexo","hostname":"lijinglun","pid":56583,"level":20,"msg":"Processed: \u001b[35mlayout/_partial/common/post_tpl.swig\u001b[39m","time":"2021-10-28T07:29:35.302Z","v":0}
{"name":"hexo","hostname":"lijinglun","pid":56583,"level":20,"msg":"Processed: \u001b[35mlayout/_partial/common/prefetch.swig\u001b[39m","time":"2021-10-28T07:29:35.303Z","v":0}
{"name":"hexo","hostname":"lijinglun","pid":56583,"level":20,"msg":"Processed: \u001b[35mlayout/_partial/common/sidebar.swig\u001b[39m","time":"2021-10-28T07:29:35.305Z","v":0}
{"name":"hexo","hostname":"lijinglun","pid":56583,"level":20,"msg":"Processed: \u001b[35mlayout/_partial/index/banner.swig\u001b[39m","time":"2021-10-28T07:29:35.305Z","v":0}
{"name":"hexo","hostname":"lijinglun","pid":56583,"level":20,"msg":"Processed: \u001b[35mlayout/_partial/index/main.swig\u001b[39m","time":"2021-10-28T07:29:35.305Z","v":0}
{"name":"hexo","hostname":"lijinglun","pid":56583,"level":20,"msg":"Processed: \u001b[35mlayout/_partial/index/posts.swig\u001b[39m","time":"2021-10-28T07:29:35.307Z","v":0}
{"name":"hexo","hostname":"lijinglun","pid":56583,"level":20,"msg":"Processed: \u001b[35mlayout/_partial/post/main.swig\u001b[39m","time":"2021-10-28T07:29:35.308Z","v":0}
{"name":"hexo","hostname":"lijinglun","pid":56583,"level":20,"msg":"Processed: \u001b[35mlayout/_partial/post/mini.swig\u001b[39m","time":"2021-10-28T07:29:35.309Z","v":0}
{"name":"hexo","hostname":"lijinglun","pid":56583,"level":20,"msg":"Processed: \u001b[35mlayout/_partial/post/prevnext.swig\u001b[39m","time":"2021-10-28T07:29:35.309Z","v":0}
{"name":"hexo","hostname":"lijinglun","pid":56583,"level":20,"msg":"Processed: \u001b[35mlayout/_partial/search/main.swig\u001b[39m","time":"2021-10-28T07:29:35.309Z","v":0}
{"name":"hexo","hostname":"lijinglun","pid":56583,"level":20,"msg":"Processed: \u001b[35m_posts/2017-08-06-canvas压缩图片/header.jpeg\u001b[39m","time":"2021-10-28T07:29:35.317Z","v":0}
{"name":"hexo","hostname":"lijinglun","pid":56583,"level":20,"msg":"Processed: \u001b[35msource/js/libs/jquery.js\u001b[39m","time":"2021-10-28T07:29:35.318Z","v":0}
{"name":"hexo","hostname":"lijinglun","pid":56583,"level":20,"msg":"Processed: \u001b[35msource/fonts/fontawesome-webfont.svg\u001b[39m","time":"2021-10-28T07:29:35.321Z","v":0}
{"name":"hexo","hostname":"lijinglun","pid":56583,"level":20,"msg":"Processed: \u001b[35m_posts/2018-01-15-新年新展望/1.jpeg\u001b[39m","time":"2021-10-28T07:29:35.333Z","v":0}
{"name":"hexo","hostname":"lijinglun","pid":56583,"level":20,"msg":"Processed: \u001b[35m_posts/2017-07-24-chrome_1/1.gif\u001b[39m","time":"2021-10-28T07:29:35.351Z","v":0}
{"name":"hexo","hostname":"lijinglun","pid":56583,"level":20,"msg":"Processed: \u001b[35m_posts/2017-07-24-chrome_1/2.gif\u001b[39m","time":"2021-10-28T07:29:35.363Z","v":0}
{"name":"hexo","hostname":"lijinglun","pid":56583,"level":20,"msg":"Rendering post: \u001b[35m/Users/lijinglun/自己/hexo/hexo_blog/source/_posts/2017-07-24-chrome_1.md\u001b[39m","time":"2021-10-28T07:29:35.416Z","v":0}
{"name":"hexo","hostname":"lijinglun","pid":56583,"level":20,"msg":"Rendering post: \u001b[35m/Users/lijinglun/自己/hexo/hexo_blog/source/_posts/2017-08-06-canvas压缩图片.md\u001b[39m","time":"2021-10-28T07:29:35.416Z","v":0}
{"name":"hexo","hostname":"lijinglun","pid":56583,"level":20,"msg":"Rendering post: \u001b[35m/Users/lijinglun/自己/hexo/hexo_blog/source/_posts/2018-01-15-新年新展望.md\u001b[39m","time":"2021-10-28T07:29:35.417Z","v":0}
{"name":"hexo","hostname":"lijinglun","pid":56583,"level":20,"msg":"Rendering post: \u001b[35m/Users/lijinglun/自己/hexo/hexo_blog/source/_posts/2018-04-27-Phaser游戏开发.md\u001b[39m","time":"2021-10-28T07:29:35.417Z","v":0}
{"name":"hexo","hostname":"lijinglun","pid":56583,"level":20,"msg":"Rendering post: \u001b[35m/Users/lijinglun/自己/hexo/hexo_blog/source/_posts/2018-05-03-Phaser游戏开发2.md\u001b[39m","time":"2021-10-28T07:29:35.417Z","v":0}
{"name":"hexo","hostname":"lijinglun","pid":56583,"level":20,"msg":"Rendering post: \u001b[35m/Users/lijinglun/自己/hexo/hexo_blog/source/_posts/hello-world.md\u001b[39m","time":"2021-10-28T07:29:35.417Z","v":0}
{"name":"hexo","hostname":"lijinglun","pid":56583,"level":20,"msg":"Rendering post: \u001b[35m/Users/lijinglun/自己/hexo/hexo_blog/source/_posts/2018-04-27-登录.md\u001b[39m","time":"2021-10-28T07:29:35.417Z","v":0}
{"name":"hexo","hostname":"lijinglun","pid":56583,"level":20,"msg":"Rendering post: \u001b[35m/Users/lijinglun/自己/hexo/hexo_blog/source/about/index.md\u001b[39m","time":"2021-10-28T07:29:35.417Z","v":0}
{"name":"hexo","hostname":"lijinglun","pid":56583,"level":20,"msg":"Rendering post: \u001b[35m/Users/lijinglun/自己/hexo/hexo_blog/source/cates/index.md\u001b[39m","time":"2021-10-28T07:29:35.418Z","v":0}
{"name":"hexo","hostname":"lijinglun","pid":56583,"level":20,"msg":"Generator: \u001b[35mpage\u001b[39m","time":"2021-10-28T07:29:35.590Z","v":0}
{"name":"hexo","hostname":"lijinglun","pid":56583,"level":20,"msg":"Generator: \u001b[35mpost\u001b[39m","time":"2021-10-28T07:29:35.590Z","v":0}
{"name":"hexo","hostname":"lijinglun","pid":56583,"level":20,"msg":"Generator: \u001b[35marchive\u001b[39m","time":"2021-10-28T07:29:35.590Z","v":0}
{"name":"hexo","hostname":"lijinglun","pid":56583,"level":20,"msg":"Generator: \u001b[35mcategory\u001b[39m","time":"2021-10-28T07:29:35.590Z","v":0}
{"name":"hexo","hostname":"lijinglun","pid":56583,"level":20,"msg":"Generator: \u001b[35mfeed\u001b[39m","time":"2021-10-28T07:29:35.590Z","v":0}
{"name":"hexo","hostname":"lijinglun","pid":56583,"level":20,"msg":"Generator: \u001b[35mfragments\u001b[39m","time":"2021-10-28T07:29:35.590Z","v":0}
{"name":"hexo","hostname":"lijinglun","pid":56583,"level":20,"msg":"Generator: \u001b[35mindex\u001b[39m","time":"2021-10-28T07:29:35.590Z","v":0}
{"name":"hexo","hostname":"lijinglun","pid":56583,"level":20,"msg":"Generator: \u001b[35mjson-feed\u001b[39m","time":"2021-10-28T07:29:35.590Z","v":0}
{"name":"hexo","hostname":"lijinglun","pid":56583,"level":20,"msg":"Generator: \u001b[35mtag\u001b[39m","time":"2021-10-28T07:29:35.590Z","v":0}
{"name":"hexo","hostname":"lijinglun","pid":56583,"level":20,"msg":"Generator: \u001b[35masset\u001b[39m","time":"2021-10-28T07:29:35.601Z","v":0}
{"name":"hexo","hostname":"lijinglun","pid":56583,"level":30,"msg":"Files loaded in \u001b[36m765 ms\u001b[39m","time":"2021-10-28T07:29:35.611Z","v":0}
{"name":"hexo","hostname":"lijinglun","pid":56583,"level":20,"msg":"Rendering HTML about: \u001b[35mabout/index.html\u001b[39m","time":"2021-10-28T07:29:35.642Z","v":0}
{"name":"hexo","hostname":"lijinglun","pid":56583,"level":20,"msg":"Rendering HTML page: \u001b[35mcates/index.html\u001b[39m","time":"2021-10-28T07:29:35.663Z","v":0}
{"name":"hexo","hostname":"lijinglun","pid":56583,"level":20,"msg":"Rendering HTML post: \u001b[35m2018/05/03/Phaser游戏开发2/index.html\u001b[39m","time":"2021-10-28T07:29:35.671Z","v":0}
{"name":"hexo","hostname":"lijinglun","pid":56583,"level":20,"msg":"Rendering HTML post: \u001b[35m2018/04/27/Phaser游戏开发/index.html\u001b[39m","time":"2021-10-28T07:29:35.711Z","v":0}
{"name":"hexo","hostname":"lijinglun","pid":56583,"level":20,"msg":"Rendering HTML post: \u001b[35m2018/04/27/登录/index.html\u001b[39m","time":"2021-10-28T07:29:35.756Z","v":0}
{"name":"hexo","hostname":"lijinglun","pid":56583,"level":20,"msg":"Rendering HTML post: \u001b[35m2018/01/15/新年新展望/index.html\u001b[39m","time":"2021-10-28T07:29:35.777Z","v":0}
{"name":"hexo","hostname":"lijinglun","pid":56583,"level":20,"msg":"Rendering HTML post: \u001b[35m2017/08/06/canvas压缩图片/index.html\u001b[39m","time":"2021-10-28T07:29:35.790Z","v":0}
{"name":"hexo","hostname":"lijinglun","pid":56583,"level":20,"msg":"Rendering HTML post: \u001b[35m2017/07/24/chrome_1/index.html\u001b[39m","time":"2021-10-28T07:29:35.811Z","v":0}
{"name":"hexo","hostname":"lijinglun","pid":56583,"level":20,"msg":"Rendering HTML post: \u001b[35m2015/10/08/hello-world/index.html\u001b[39m","time":"2021-10-28T07:29:35.828Z","v":0}
{"name":"hexo","hostname":"lijinglun","pid":56583,"level":20,"msg":"Rendering HTML index: \u001b[35mnotes/index.html\u001b[39m","time":"2021-10-28T07:29:35.846Z","v":0}
{"name":"hexo","hostname":"lijinglun","pid":56583,"level":20,"msg":"Rendering HTML index: \u001b[35mnotes/2015/index.html\u001b[39m","time":"2021-10-28T07:29:35.867Z","v":0}
{"name":"hexo","hostname":"lijinglun","pid":56583,"level":20,"msg":"Rendering HTML index: \u001b[35mnotes/2017/index.html\u001b[39m","time":"2021-10-28T07:29:35.881Z","v":0}
{"name":"hexo","hostname":"lijinglun","pid":56583,"level":20,"msg":"Rendering HTML index: \u001b[35mnotes/2015/10/index.html\u001b[39m","time":"2021-10-28T07:29:35.894Z","v":0}
{"name":"hexo","hostname":"lijinglun","pid":56583,"level":20,"msg":"Rendering HTML index: \u001b[35mnotes/2017/07/index.html\u001b[39m","time":"2021-10-28T07:29:35.906Z","v":0}
{"name":"hexo","hostname":"lijinglun","pid":56583,"level":20,"msg":"Rendering HTML index: \u001b[35mnotes/2017/08/index.html\u001b[39m","time":"2021-10-28T07:29:35.917Z","v":0}
{"name":"hexo","hostname":"lijinglun","pid":56583,"level":20,"msg":"Rendering HTML index: \u001b[35mnotes/2018/index.html\u001b[39m","time":"2021-10-28T07:29:35.928Z","v":0}
{"name":"hexo","hostname":"lijinglun","pid":56583,"level":20,"msg":"Rendering HTML index: \u001b[35mnotes/2018/01/index.html\u001b[39m","time":"2021-10-28T07:29:35.941Z","v":0}
{"name":"hexo","hostname":"lijinglun","pid":56583,"level":20,"msg":"Rendering HTML index: \u001b[35mnotes/2018/04/index.html\u001b[39m","time":"2021-10-28T07:29:35.952Z","v":0}
{"name":"hexo","hostname":"lijinglun","pid":56583,"level":20,"msg":"Rendering HTML index: \u001b[35mnotes/2018/05/index.html\u001b[39m","time":"2021-10-28T07:29:35.966Z","v":0}
{"name":"hexo","hostname":"lijinglun","pid":56583,"level":20,"msg":"Rendering HTML category: \u001b[35mcates/Web开发/index.html\u001b[39m","time":"2021-10-28T07:29:35.983Z","v":0}
{"name":"hexo","hostname":"lijinglun","pid":56583,"level":20,"msg":"Rendering HTML category: \u001b[35mcates/随笔/index.html\u001b[39m","time":"2021-10-28T07:29:35.996Z","v":0}
{"name":"hexo","hostname":"lijinglun","pid":56583,"level":20,"msg":"Rendering HTML category: \u001b[35mcates/游戏开发/index.html\u001b[39m","time":"2021-10-28T07:29:36.012Z","v":0}
{"name":"hexo","hostname":"lijinglun","pid":56583,"level":20,"msg":"Rendering HTML fragments: \u001b[35mfragments/index/index.html\u001b[39m","time":"2021-10-28T07:29:36.025Z","v":0}
{"name":"hexo","hostname":"lijinglun","pid":56583,"level":20,"msg":"Rendering HTML category: \u001b[35mcates/移动开发/index.html\u001b[39m","time":"2021-10-28T07:29:36.028Z","v":0}
{"name":"hexo","hostname":"lijinglun","pid":56583,"level":20,"msg":"Rendering HTML fragments: \u001b[35mfragments/cates/移动开发/index.html\u001b[39m","time":"2021-10-28T07:29:36.041Z","v":0}
{"name":"hexo","hostname":"lijinglun","pid":56583,"level":20,"msg":"Rendering HTML fragments: \u001b[35mfragments/cates/Web开发/index.html\u001b[39m","time":"2021-10-28T07:29:36.043Z","v":0}
{"name":"hexo","hostname":"lijinglun","pid":56583,"level":20,"msg":"Rendering HTML fragments: \u001b[35mfragments/cates/游戏开发/index.html\u001b[39m","time":"2021-10-28T07:29:36.045Z","v":0}
{"name":"hexo","hostname":"lijinglun","pid":56583,"level":20,"msg":"Rendering HTML fragments: \u001b[35mfragments/cates/随笔/index.html\u001b[39m","time":"2021-10-28T07:29:36.046Z","v":0}
{"name":"hexo","hostname":"lijinglun","pid":56583,"level":20,"msg":"Rendering HTML fragments: \u001b[35mfragments/tags/Hexo/index.html\u001b[39m","time":"2021-10-28T07:29:36.047Z","v":0}
{"name":"hexo","hostname":"lijinglun","pid":56583,"level":20,"msg":"Rendering HTML fragments: \u001b[35mfragments/tags/移动开发/index.html\u001b[39m","time":"2021-10-28T07:29:36.048Z","v":0}
{"name":"hexo","hostname":"lijinglun","pid":56583,"level":20,"msg":"Rendering HTML fragments: \u001b[35mfragments/tags/canvas/index.html\u001b[39m","time":"2021-10-28T07:29:36.049Z","v":0}
{"name":"hexo","hostname":"lijinglun","pid":56583,"level":20,"msg":"Rendering HTML fragments: \u001b[35mfragments/tags/Web开发/index.html\u001b[39m","time":"2021-10-28T07:29:36.050Z","v":0}
{"name":"hexo","hostname":"lijinglun","pid":56583,"level":20,"msg":"Rendering HTML fragments: \u001b[35mfragments/tags/随笔/index.html\u001b[39m","time":"2021-10-28T07:29:36.052Z","v":0}
{"name":"hexo","hostname":"lijinglun","pid":56583,"level":20,"msg":"Rendering HTML fragments: \u001b[35mfragments/tags/Phaser/index.html\u001b[39m","time":"2021-10-28T07:29:36.053Z","v":0}
{"name":"hexo","hostname":"lijinglun","pid":56583,"level":20,"msg":"Rendering HTML fragments: \u001b[35mfragments/tags/游戏开发/index.html\u001b[39m","time":"2021-10-28T07:29:36.056Z","v":0}
{"name":"hexo","hostname":"lijinglun","pid":56583,"level":20,"msg":"Rendering HTML fragments: \u001b[35mfragments/tags/iterm2配置/index.html\u001b[39m","time":"2021-10-28T07:29:36.058Z","v":0}
{"name":"hexo","hostname":"lijinglun","pid":56583,"level":20,"msg":"Rendering HTML fragments: \u001b[35mfragments/tags/ssh/index.html\u001b[39m","time":"2021-10-28T07:29:36.059Z","v":0}
{"name":"hexo","hostname":"lijinglun","pid":56583,"level":20,"msg":"Rendering HTML index: \u001b[35mindex.html\u001b[39m","time":"2021-10-28T07:29:36.060Z","v":0}
{"name":"hexo","hostname":"lijinglun","pid":56583,"level":20,"msg":"Rendering HTML index: \u001b[35mtags/Hexo/index.html\u001b[39m","time":"2021-10-28T07:29:36.077Z","v":0}
{"name":"hexo","hostname":"lijinglun","pid":56583,"level":20,"msg":"Rendering HTML index: \u001b[35mtags/canvas/index.html\u001b[39m","time":"2021-10-28T07:29:36.092Z","v":0}
{"name":"hexo","hostname":"lijinglun","pid":56583,"level":20,"msg":"Rendering HTML index: \u001b[35mtags/Web开发/index.html\u001b[39m","time":"2021-10-28T07:29:36.110Z","v":0}
{"name":"hexo","hostname":"lijinglun","pid":56583,"level":20,"msg":"Rendering HTML index: \u001b[35mtags/移动开发/index.html\u001b[39m","time":"2021-10-28T07:29:36.123Z","v":0}
{"name":"hexo","hostname":"lijinglun","pid":56583,"level":20,"msg":"Rendering HTML index: \u001b[35mtags/随笔/index.html\u001b[39m","time":"2021-10-28T07:29:36.134Z","v":0}
{"name":"hexo","hostname":"lijinglun","pid":56583,"level":20,"msg":"Rendering HTML index: \u001b[35mtags/Phaser/index.html\u001b[39m","time":"2021-10-28T07:29:36.147Z","v":0}
{"name":"hexo","hostname":"lijinglun","pid":56583,"level":20,"msg":"Rendering HTML index: \u001b[35mtags/游戏开发/index.html\u001b[39m","time":"2021-10-28T07:29:36.158Z","v":0}
{"name":"hexo","hostname":"lijinglun","pid":56583,"level":20,"msg":"Rendering HTML index: \u001b[35mtags/iterm2配置/index.html\u001b[39m","time":"2021-10-28T07:29:36.171Z","v":0}
{"name":"hexo","hostname":"lijinglun","pid":56583,"level":20,"msg":"Rendering HTML index: \u001b[35mtags/ssh/index.html\u001b[39m","time":"2021-10-28T07:29:36.185Z","v":0}
{"name":"hexo","hostname":"lijinglun","pid":56583,"level":30,"msg":"Generated: \u001b[35matom.xml\u001b[39m","time":"2021-10-28T07:29:37.319Z","v":0}
{"name":"hexo","hostname":"lijinglun","pid":56583,"level":30,"msg":"Generated: \u001b[35mfeed.json\u001b[39m","time":"2021-10-28T07:29:37.319Z","v":0}
{"name":"hexo","hostname":"lijinglun","pid":56583,"level":30,"msg":"Generated: \u001b[35mindex.html\u001b[39m","time":"2021-10-28T07:29:37.325Z","v":0}
{"name":"hexo","hostname":"lijinglun","pid":56583,"level":30,"msg":"Generated: \u001b[35mCNAME\u001b[39m","time":"2021-10-28T07:29:37.330Z","v":0}
{"name":"hexo","hostname":"lijinglun","pid":56583,"level":30,"msg":"Generated: \u001b[35mcates/index.html\u001b[39m","time":"2021-10-28T07:29:37.333Z","v":0}
{"name":"hexo","hostname":"lijinglun","pid":56583,"level":30,"msg":"Generated: \u001b[35mabout/index.html\u001b[39m","time":"2021-10-28T07:29:37.333Z","v":0}
{"name":"hexo","hostname":"lijinglun","pid":56583,"level":30,"msg":"Generated: \u001b[35mnotes/index.html\u001b[39m","time":"2021-10-28T07:29:37.334Z","v":0}
{"name":"hexo","hostname":"lijinglun","pid":56583,"level":30,"msg":"Generated: \u001b[35mimg/android-chrome-192x192.png\u001b[39m","time":"2021-10-28T07:29:37.336Z","v":0}
{"name":"hexo","hostname":"lijinglun","pid":56583,"level":30,"msg":"Generated: \u001b[35mimg/manifest.json\u001b[39m","time":"2021-10-28T07:29:37.336Z","v":0}
{"name":"hexo","hostname":"lijinglun","pid":56583,"level":30,"msg":"Generated: \u001b[35mimg/android-chrome-256x256.png\u001b[39m","time":"2021-10-28T07:29:37.339Z","v":0}
{"name":"hexo","hostname":"lijinglun","pid":56583,"level":30,"msg":"Generated: \u001b[35mimg/android-chrome-48x48.png\u001b[39m","time":"2021-10-28T07:29:37.339Z","v":0}
{"name":"hexo","hostname":"lijinglun","pid":56583,"level":30,"msg":"Generated: \u001b[35mimg/android-chrome-384x384.png\u001b[39m","time":"2021-10-28T07:29:37.339Z","v":0}
{"name":"hexo","hostname":"lijinglun","pid":56583,"level":30,"msg":"Generated: \u001b[35mimg/android-chrome-72x72.png\u001b[39m","time":"2021-10-28T07:29:37.339Z","v":0}
{"name":"hexo","hostname":"lijinglun","pid":56583,"level":30,"msg":"Generated: \u001b[35mimg/android-chrome-96x96.png\u001b[39m","time":"2021-10-28T07:29:37.339Z","v":0}
{"name":"hexo","hostname":"lijinglun","pid":56583,"level":30,"msg":"Generated: \u001b[35mimg/apple-touch-icon-114x114.png\u001b[39m","time":"2021-10-28T07:29:37.339Z","v":0}
{"name":"hexo","hostname":"lijinglun","pid":56583,"level":30,"msg":"Generated: \u001b[35mimg/apple-touch-icon-152x152.png\u001b[39m","time":"2021-10-28T07:29:37.340Z","v":0}
{"name":"hexo","hostname":"lijinglun","pid":56583,"level":30,"msg":"Generated: \u001b[35mimg/apple-touch-icon-144x144.png\u001b[39m","time":"2021-10-28T07:29:37.340Z","v":0}
{"name":"hexo","hostname":"lijinglun","pid":56583,"level":30,"msg":"Generated: \u001b[35mimg/apple-touch-icon-120x120.png\u001b[39m","time":"2021-10-28T07:29:37.340Z","v":0}
{"name":"hexo","hostname":"lijinglun","pid":56583,"level":30,"msg":"Generated: \u001b[35mimg/apple-touch-icon-60x60.png\u001b[39m","time":"2021-10-28T07:29:37.340Z","v":0}
{"name":"hexo","hostname":"lijinglun","pid":56583,"level":30,"msg":"Generated: \u001b[35mimg/apple-touch-icon-72x72.png\u001b[39m","time":"2021-10-28T07:29:37.341Z","v":0}
{"name":"hexo","hostname":"lijinglun","pid":56583,"level":30,"msg":"Generated: \u001b[35mimg/apple-touch-icon-57x57.png\u001b[39m","time":"2021-10-28T07:29:37.341Z","v":0}
{"name":"hexo","hostname":"lijinglun","pid":56583,"level":30,"msg":"Generated: \u001b[35mimg/apple-touch-icon.png\u001b[39m","time":"2021-10-28T07:29:37.341Z","v":0}
{"name":"hexo","hostname":"lijinglun","pid":56583,"level":30,"msg":"Generated: \u001b[35mimg/apple-touch-icon-76x76.png\u001b[39m","time":"2021-10-28T07:29:37.341Z","v":0}
{"name":"hexo","hostname":"lijinglun","pid":56583,"level":30,"msg":"Generated: \u001b[35mimg/favicon-96x96.png\u001b[39m","time":"2021-10-28T07:29:37.341Z","v":0}
{"name":"hexo","hostname":"lijinglun","pid":56583,"level":30,"msg":"Generated: \u001b[35mimg/ball_195.png\u001b[39m","time":"2021-10-28T07:29:37.341Z","v":0}
{"name":"hexo","hostname":"lijinglun","pid":56583,"level":30,"msg":"Generated: \u001b[35mimg/apple-touch-icon-precomposed.png\u001b[39m","time":"2021-10-28T07:29:37.341Z","v":0}
{"name":"hexo","hostname":"lijinglun","pid":56583,"level":30,"msg":"Generated: \u001b[35mimg/banner1.png\u001b[39m","time":"2021-10-28T07:29:37.342Z","v":0}
{"name":"hexo","hostname":"lijinglun","pid":56583,"level":30,"msg":"Generated: \u001b[35mimg/browserconfig.xml\u001b[39m","time":"2021-10-28T07:29:37.342Z","v":0}
{"name":"hexo","hostname":"lijinglun","pid":56583,"level":30,"msg":"Generated: \u001b[35mimg/favicon-16x16.png\u001b[39m","time":"2021-10-28T07:29:37.342Z","v":0}
{"name":"hexo","hostname":"lijinglun","pid":56583,"level":30,"msg":"Generated: \u001b[35mimg/favicon-230x230.png\u001b[39m","time":"2021-10-28T07:29:37.342Z","v":0}
{"name":"hexo","hostname":"lijinglun","pid":56583,"level":30,"msg":"Generated: \u001b[35mimg/favicon-32x32.png\u001b[39m","time":"2021-10-28T07:29:37.342Z","v":0}
{"name":"hexo","hostname":"lijinglun","pid":56583,"level":30,"msg":"Generated: \u001b[35mimg/logo-circle-120.png\u001b[39m","time":"2021-10-28T07:29:37.342Z","v":0}
{"name":"hexo","hostname":"lijinglun","pid":56583,"level":30,"msg":"Generated: \u001b[35mimg/favicon.ico\u001b[39m","time":"2021-10-28T07:29:37.342Z","v":0}
{"name":"hexo","hostname":"lijinglun","pid":56583,"level":30,"msg":"Generated: \u001b[35mimg/mstile-310x150.png\u001b[39m","time":"2021-10-28T07:29:37.342Z","v":0}
{"name":"hexo","hostname":"lijinglun","pid":56583,"level":30,"msg":"Generated: \u001b[35mimg/mstile-144x144.png\u001b[39m","time":"2021-10-28T07:29:37.342Z","v":0}
{"name":"hexo","hostname":"lijinglun","pid":56583,"level":30,"msg":"Generated: \u001b[35mimg/logo.png\u001b[39m","time":"2021-10-28T07:29:37.343Z","v":0}
{"name":"hexo","hostname":"lijinglun","pid":56583,"level":30,"msg":"Generated: \u001b[35mimg/o2logo.png\u001b[39m","time":"2021-10-28T07:29:37.343Z","v":0}
{"name":"hexo","hostname":"lijinglun","pid":56583,"level":30,"msg":"Generated: \u001b[35mimg/mstile-70x70.png\u001b[39m","time":"2021-10-28T07:29:37.343Z","v":0}
{"name":"hexo","hostname":"lijinglun","pid":56583,"level":30,"msg":"Generated: \u001b[35mimg/qrcode.jpg\u001b[39m","time":"2021-10-28T07:29:37.343Z","v":0}
{"name":"hexo","hostname":"lijinglun","pid":56583,"level":30,"msg":"Generated: \u001b[35mimg/qrcode.png\u001b[39m","time":"2021-10-28T07:29:37.343Z","v":0}
{"name":"hexo","hostname":"lijinglun","pid":56583,"level":30,"msg":"Generated: \u001b[35mimg/apple-touch-icon-180x180.png\u001b[39m","time":"2021-10-28T07:29:37.343Z","v":0}
{"name":"hexo","hostname":"lijinglun","pid":56583,"level":30,"msg":"Generated: \u001b[35mnotes/2017/07/index.html\u001b[39m","time":"2021-10-28T07:29:37.344Z","v":0}
{"name":"hexo","hostname":"lijinglun","pid":56583,"level":30,"msg":"Generated: \u001b[35mnotes/2018/01/index.html\u001b[39m","time":"2021-10-28T07:29:37.344Z","v":0}
{"name":"hexo","hostname":"lijinglun","pid":56583,"level":30,"msg":"Generated: \u001b[35mfragments/index/index.html\u001b[39m","time":"2021-10-28T07:29:37.344Z","v":0}
{"name":"hexo","hostname":"lijinglun","pid":56583,"level":30,"msg":"Generated: \u001b[35mfonts/fontawesome-webfont.eot\u001b[39m","time":"2021-10-28T07:29:37.349Z","v":0}
{"name":"hexo","hostname":"lijinglun","pid":56583,"level":30,"msg":"Generated: \u001b[35mimg/android-chrome-36x36.png\u001b[39m","time":"2021-10-28T07:29:37.350Z","v":0}
{"name":"hexo","hostname":"lijinglun","pid":56583,"level":30,"msg":"Generated: \u001b[35mnotes/2017/08/index.html\u001b[39m","time":"2021-10-28T07:29:37.351Z","v":0}
{"name":"hexo","hostname":"lijinglun","pid":56583,"level":30,"msg":"Generated: \u001b[35mnotes/2018/04/index.html\u001b[39m","time":"2021-10-28T07:29:37.351Z","v":0}
{"name":"hexo","hostname":"lijinglun","pid":56583,"level":30,"msg":"Generated: \u001b[35mimg/apple-touch-icon-167x167.png\u001b[39m","time":"2021-10-28T07:29:37.351Z","v":0}
{"name":"hexo","hostname":"lijinglun","pid":56583,"level":30,"msg":"Generated: \u001b[35mnotes/2015/10/index.html\u001b[39m","time":"2021-10-28T07:29:37.351Z","v":0}
{"name":"hexo","hostname":"lijinglun","pid":56583,"level":30,"msg":"Generated: \u001b[35mcates/Web开发/index.html\u001b[39m","time":"2021-10-28T07:29:37.351Z","v":0}
{"name":"hexo","hostname":"lijinglun","pid":56583,"level":30,"msg":"Generated: \u001b[35mcates/游戏开发/index.html\u001b[39m","time":"2021-10-28T07:29:37.352Z","v":0}
{"name":"hexo","hostname":"lijinglun","pid":56583,"level":30,"msg":"Generated: \u001b[35mnotes/2018/05/index.html\u001b[39m","time":"2021-10-28T07:29:37.352Z","v":0}
{"name":"hexo","hostname":"lijinglun","pid":56583,"level":30,"msg":"Generated: \u001b[35mcates/移动开发/index.html\u001b[39m","time":"2021-10-28T07:29:37.352Z","v":0}
{"name":"hexo","hostname":"lijinglun","pid":56583,"level":30,"msg":"Generated: \u001b[35mtags/canvas/index.html\u001b[39m","time":"2021-10-28T07:29:37.352Z","v":0}
{"name":"hexo","hostname":"lijinglun","pid":56583,"level":30,"msg":"Generated: \u001b[35mtags/Web开发/index.html\u001b[39m","time":"2021-10-28T07:29:37.352Z","v":0}
{"name":"hexo","hostname":"lijinglun","pid":56583,"level":30,"msg":"Generated: \u001b[35mtags/Hexo/index.html\u001b[39m","time":"2021-10-28T07:29:37.352Z","v":0}
{"name":"hexo","hostname":"lijinglun","pid":56583,"level":30,"msg":"Generated: \u001b[35mcates/随笔/index.html\u001b[39m","time":"2021-10-28T07:29:37.352Z","v":0}
{"name":"hexo","hostname":"lijinglun","pid":56583,"level":30,"msg":"Generated: \u001b[35mimg/mstile-310x310.png\u001b[39m","time":"2021-10-28T07:29:37.361Z","v":0}
{"name":"hexo","hostname":"lijinglun","pid":56583,"level":30,"msg":"Generated: \u001b[35mimg/mstile-150x150.png\u001b[39m","time":"2021-10-28T07:29:37.361Z","v":0}
{"name":"hexo","hostname":"lijinglun","pid":56583,"level":30,"msg":"Generated: \u001b[35mimg/o2logo@2x.png\u001b[39m","time":"2021-10-28T07:29:37.361Z","v":0}
{"name":"hexo","hostname":"lijinglun","pid":56583,"level":30,"msg":"Generated: \u001b[35mtags/随笔/index.html\u001b[39m","time":"2021-10-28T07:29:37.361Z","v":0}
{"name":"hexo","hostname":"lijinglun","pid":56583,"level":30,"msg":"Generated: \u001b[35mimg/android-chrome-512x512.png\u001b[39m","time":"2021-10-28T07:29:37.361Z","v":0}
{"name":"hexo","hostname":"lijinglun","pid":56583,"level":30,"msg":"Generated: \u001b[35mnotes/2017/index.html\u001b[39m","time":"2021-10-28T07:29:37.361Z","v":0}
{"name":"hexo","hostname":"lijinglun","pid":56583,"level":30,"msg":"Generated: \u001b[35mtags/Phaser/index.html\u001b[39m","time":"2021-10-28T07:29:37.361Z","v":0}
{"name":"hexo","hostname":"lijinglun","pid":56583,"level":30,"msg":"Generated: \u001b[35mimg/android-chrome-144x144.png\u001b[39m","time":"2021-10-28T07:29:37.361Z","v":0}
{"name":"hexo","hostname":"lijinglun","pid":56583,"level":30,"msg":"Generated: \u001b[35mnotes/2015/index.html\u001b[39m","time":"2021-10-28T07:29:37.361Z","v":0}
{"name":"hexo","hostname":"lijinglun","pid":56583,"level":30,"msg":"Generated: \u001b[35mnotes/2018/index.html\u001b[39m","time":"2021-10-28T07:29:37.361Z","v":0}
{"name":"hexo","hostname":"lijinglun","pid":56583,"level":30,"msg":"Generated: \u001b[35mfonts/fontawesome-webfont.woff\u001b[39m","time":"2021-10-28T07:29:37.361Z","v":0}
{"name":"hexo","hostname":"lijinglun","pid":56583,"level":30,"msg":"Generated: \u001b[35mfonts/fontawesome-webfont.woff2\u001b[39m","time":"2021-10-28T07:29:37.362Z","v":0}
{"name":"hexo","hostname":"lijinglun","pid":56583,"level":30,"msg":"Generated: \u001b[35mtags/ssh/index.html\u001b[39m","time":"2021-10-28T07:29:37.366Z","v":0}
{"name":"hexo","hostname":"lijinglun","pid":56583,"level":30,"msg":"Generated: \u001b[35mtags/游戏开发/index.html\u001b[39m","time":"2021-10-28T07:29:37.366Z","v":0}
{"name":"hexo","hostname":"lijinglun","pid":56583,"level":30,"msg":"Generated: \u001b[35mimg/banner.png\u001b[39m","time":"2021-10-28T07:29:37.366Z","v":0}
{"name":"hexo","hostname":"lijinglun","pid":56583,"level":30,"msg":"Generated: \u001b[35mtags/iterm2配置/index.html\u001b[39m","time":"2021-10-28T07:29:37.366Z","v":0}
{"name":"hexo","hostname":"lijinglun","pid":56583,"level":30,"msg":"Generated: \u001b[35mimg/about1.jpeg\u001b[39m","time":"2021-10-28T07:29:37.366Z","v":0}
{"name":"hexo","hostname":"lijinglun","pid":56583,"level":30,"msg":"Generated: \u001b[35mtags/移动开发/index.html\u001b[39m","time":"2021-10-28T07:29:37.367Z","v":0}
{"name":"hexo","hostname":"lijinglun","pid":56583,"level":30,"msg":"Generated: \u001b[35massets/fancybox/fancybox_loading.gif\u001b[39m","time":"2021-10-28T07:29:37.367Z","v":0}
{"name":"hexo","hostname":"lijinglun","pid":56583,"level":30,"msg":"Generated: \u001b[35mcss/style.css\u001b[39m","time":"2021-10-28T07:29:37.368Z","v":0}
{"name":"hexo","hostname":"lijinglun","pid":56583,"level":30,"msg":"Generated: \u001b[35mjs/post_wx_share.js\u001b[39m","time":"2021-10-28T07:29:37.369Z","v":0}
{"name":"hexo","hostname":"lijinglun","pid":56583,"level":30,"msg":"Generated: \u001b[35massets/fancybox/fancybox_overlay.png\u001b[39m","time":"2021-10-28T07:29:37.371Z","v":0}
{"name":"hexo","hostname":"lijinglun","pid":56583,"level":30,"msg":"Generated: \u001b[35massets/fancybox/fancybox_sprite@2x.png\u001b[39m","time":"2021-10-28T07:29:37.371Z","v":0}
{"name":"hexo","hostname":"lijinglun","pid":56583,"level":30,"msg":"Generated: \u001b[35massets/fancybox/fancybox_sprite.png\u001b[39m","time":"2021-10-28T07:29:37.371Z","v":0}
{"name":"hexo","hostname":"lijinglun","pid":56583,"level":30,"msg":"Generated: \u001b[35massets/fancybox/blank.gif\u001b[39m","time":"2021-10-28T07:29:37.371Z","v":0}
{"name":"hexo","hostname":"lijinglun","pid":56583,"level":30,"msg":"Generated: \u001b[35mjs/about.js\u001b[39m","time":"2021-10-28T07:29:37.371Z","v":0}
{"name":"hexo","hostname":"lijinglun","pid":56583,"level":30,"msg":"Generated: \u001b[35massets/fancybox/jquery.fancybox.css\u001b[39m","time":"2021-10-28T07:29:37.371Z","v":0}
{"name":"hexo","hostname":"lijinglun","pid":56583,"level":30,"msg":"Generated: \u001b[35massets/fancybox/jquery.fancybox.js\u001b[39m","time":"2021-10-28T07:29:37.371Z","v":0}
{"name":"hexo","hostname":"lijinglun","pid":56583,"level":30,"msg":"Generated: \u001b[35massets/fancybox/jquery.fancybox.pack.js\u001b[39m","time":"2021-10-28T07:29:37.371Z","v":0}
{"name":"hexo","hostname":"lijinglun","pid":56583,"level":30,"msg":"Generated: \u001b[35massets/fancybox/fancybox_loading@2x.gif\u001b[39m","time":"2021-10-28T07:29:37.379Z","v":0}
{"name":"hexo","hostname":"lijinglun","pid":56583,"level":30,"msg":"Generated: \u001b[35mfragments/tags/Hexo/index.html\u001b[39m","time":"2021-10-28T07:29:37.379Z","v":0}
{"name":"hexo","hostname":"lijinglun","pid":56583,"level":30,"msg":"Generated: \u001b[35mfragments/cates/移动开发/index.html\u001b[39m","time":"2021-10-28T07:29:37.380Z","v":0}
{"name":"hexo","hostname":"lijinglun","pid":56583,"level":30,"msg":"Generated: \u001b[35mfonts/FontAwesome.otf\u001b[39m","time":"2021-10-28T07:29:37.380Z","v":0}
{"name":"hexo","hostname":"lijinglun","pid":56583,"level":30,"msg":"Generated: \u001b[35mfonts/fontawesome-webfont.ttf\u001b[39m","time":"2021-10-28T07:29:37.380Z","v":0}
{"name":"hexo","hostname":"lijinglun","pid":56583,"level":30,"msg":"Generated: \u001b[35mfragments/cates/随笔/index.html\u001b[39m","time":"2021-10-28T07:29:37.381Z","v":0}
{"name":"hexo","hostname":"lijinglun","pid":56583,"level":30,"msg":"Generated: \u001b[35mfragments/cates/Web开发/index.html\u001b[39m","time":"2021-10-28T07:29:37.381Z","v":0}
{"name":"hexo","hostname":"lijinglun","pid":56583,"level":30,"msg":"Generated: \u001b[35mfragments/tags/移动开发/index.html\u001b[39m","time":"2021-10-28T07:29:37.381Z","v":0}
{"name":"hexo","hostname":"lijinglun","pid":56583,"level":30,"msg":"Generated: \u001b[35mfragments/cates/游戏开发/index.html\u001b[39m","time":"2021-10-28T07:29:37.381Z","v":0}
{"name":"hexo","hostname":"lijinglun","pid":56583,"level":30,"msg":"Generated: \u001b[35mfragments/tags/随笔/index.html\u001b[39m","time":"2021-10-28T07:29:37.381Z","v":0}
{"name":"hexo","hostname":"lijinglun","pid":56583,"level":30,"msg":"Generated: \u001b[35mfragments/tags/Phaser/index.html\u001b[39m","time":"2021-10-28T07:29:37.381Z","v":0}
{"name":"hexo","hostname":"lijinglun","pid":56583,"level":30,"msg":"Generated: \u001b[35mfragments/tags/游戏开发/index.html\u001b[39m","time":"2021-10-28T07:29:37.381Z","v":0}
{"name":"hexo","hostname":"lijinglun","pid":56583,"level":30,"msg":"Generated: \u001b[35mfragments/tags/ssh/index.html\u001b[39m","time":"2021-10-28T07:29:37.381Z","v":0}
{"name":"hexo","hostname":"lijinglun","pid":56583,"level":30,"msg":"Generated: \u001b[35mfragments/tags/iterm2配置/index.html\u001b[39m","time":"2021-10-28T07:29:37.384Z","v":0}
{"name":"hexo","hostname":"lijinglun","pid":56583,"level":30,"msg":"Generated: \u001b[35mfragments/tags/canvas/index.html\u001b[39m","time":"2021-10-28T07:29:37.385Z","v":0}
{"name":"hexo","hostname":"lijinglun","pid":56583,"level":30,"msg":"Generated: \u001b[35mjs/libs/hogan-3.0.2.js\u001b[39m","time":"2021-10-28T07:29:37.386Z","v":0}
{"name":"hexo","hostname":"lijinglun","pid":56583,"level":30,"msg":"Generated: \u001b[35mjs/mods/jweixin-1.0.0.js\u001b[39m","time":"2021-10-28T07:29:37.386Z","v":0}
{"name":"hexo","hostname":"lijinglun","pid":56583,"level":30,"msg":"Generated: \u001b[35mimg/ball_1408.png\u001b[39m","time":"2021-10-28T07:29:37.386Z","v":0}
{"name":"hexo","hostname":"lijinglun","pid":56583,"level":30,"msg":"Generated: \u001b[35massets/fancybox/helpers/jquery.fancybox-buttons.css\u001b[39m","time":"2021-10-28T07:29:37.387Z","v":0}
{"name":"hexo","hostname":"lijinglun","pid":56583,"level":30,"msg":"Generated: \u001b[35mjs/libs/jquery.scrollPager.js\u001b[39m","time":"2021-10-28T07:29:37.387Z","v":0}
{"name":"hexo","hostname":"lijinglun","pid":56583,"level":30,"msg":"Generated: \u001b[35mjs/libs/debounce.js\u001b[39m","time":"2021-10-28T07:29:37.387Z","v":0}
{"name":"hexo","hostname":"lijinglun","pid":56583,"level":30,"msg":"Generated: \u001b[35mjs/libs/xhogan.js\u001b[39m","time":"2021-10-28T07:29:37.387Z","v":0}
{"name":"hexo","hostname":"lijinglun","pid":56583,"level":30,"msg":"Generated: \u001b[35mjs/mods/scrollPager.js\u001b[39m","time":"2021-10-28T07:29:37.387Z","v":0}
{"name":"hexo","hostname":"lijinglun","pid":56583,"level":30,"msg":"Generated: \u001b[35mjs/mods/common.js\u001b[39m","time":"2021-10-28T07:29:37.387Z","v":0}
{"name":"hexo","hostname":"lijinglun","pid":56583,"level":30,"msg":"Generated: \u001b[35mjs/mods/search_result.js\u001b[39m","time":"2021-10-28T07:29:37.387Z","v":0}
{"name":"hexo","hostname":"lijinglun","pid":56583,"level":30,"msg":"Generated: \u001b[35mjs/mods/util.js\u001b[39m","time":"2021-10-28T07:29:37.387Z","v":0}
{"name":"hexo","hostname":"lijinglun","pid":56583,"level":30,"msg":"Generated: \u001b[35mjs/libs/lunr.js\u001b[39m","time":"2021-10-28T07:29:37.387Z","v":0}
{"name":"hexo","hostname":"lijinglun","pid":56583,"level":30,"msg":"Generated: \u001b[35mjs/mods/toc.js\u001b[39m","time":"2021-10-28T07:29:37.387Z","v":0}
{"name":"hexo","hostname":"lijinglun","pid":56583,"level":30,"msg":"Generated: \u001b[35mjs/mods/duoshuo.js\u001b[39m","time":"2021-10-28T07:29:37.389Z","v":0}
{"name":"hexo","hostname":"lijinglun","pid":56583,"level":30,"msg":"Generated: \u001b[35mfragments/tags/Web开发/index.html\u001b[39m","time":"2021-10-28T07:29:37.389Z","v":0}
{"name":"hexo","hostname":"lijinglun","pid":56583,"level":30,"msg":"Generated: \u001b[35m2018/01/15/新年新展望/index.html\u001b[39m","time":"2021-10-28T07:29:37.389Z","v":0}
{"name":"hexo","hostname":"lijinglun","pid":56583,"level":30,"msg":"Generated: \u001b[35m2017/07/24/chrome_1/index.html\u001b[39m","time":"2021-10-28T07:29:37.389Z","v":0}
{"name":"hexo","hostname":"lijinglun","pid":56583,"level":30,"msg":"Generated: \u001b[35m2015/10/08/hello-world/index.html\u001b[39m","time":"2021-10-28T07:29:37.390Z","v":0}
{"name":"hexo","hostname":"lijinglun","pid":56583,"level":30,"msg":"Generated: \u001b[35massets/fancybox/helpers/fancybox_buttons.png\u001b[39m","time":"2021-10-28T07:29:37.390Z","v":0}
{"name":"hexo","hostname":"lijinglun","pid":56583,"level":30,"msg":"Generated: \u001b[35massets/fancybox/helpers/jquery.fancybox-thumbs.js\u001b[39m","time":"2021-10-28T07:29:37.390Z","v":0}
{"name":"hexo","hostname":"lijinglun","pid":56583,"level":30,"msg":"Generated: \u001b[35massets/fancybox/helpers/jquery.fancybox-buttons.js\u001b[39m","time":"2021-10-28T07:29:37.390Z","v":0}
{"name":"hexo","hostname":"lijinglun","pid":56583,"level":30,"msg":"Generated: \u001b[35mjs/libs/ua-parser.js\u001b[39m","time":"2021-10-28T07:29:37.391Z","v":0}
{"name":"hexo","hostname":"lijinglun","pid":56583,"level":30,"msg":"Generated: \u001b[35mjs/mods/console.js\u001b[39m","time":"2021-10-28T07:29:37.391Z","v":0}
{"name":"hexo","hostname":"lijinglun","pid":56583,"level":30,"msg":"Generated: \u001b[35massets/fancybox/helpers/jquery.fancybox-thumbs.css\u001b[39m","time":"2021-10-28T07:29:37.391Z","v":0}
{"name":"hexo","hostname":"lijinglun","pid":56583,"level":30,"msg":"Generated: \u001b[35m2018/04/27/登录/2.png\u001b[39m","time":"2021-10-28T07:29:37.391Z","v":0}
{"name":"hexo","hostname":"lijinglun","pid":56583,"level":30,"msg":"Generated: \u001b[35m2017/07/24/chrome_1/2.png\u001b[39m","time":"2021-10-28T07:29:37.391Z","v":0}
{"name":"hexo","hostname":"lijinglun","pid":56583,"level":30,"msg":"Generated: \u001b[35mjs/libs/base64.js\u001b[39m","time":"2021-10-28T07:29:37.391Z","v":0}
{"name":"hexo","hostname":"lijinglun","pid":56583,"level":30,"msg":"Generated: \u001b[35m2017/08/06/canvas压缩图片/cover.jpg\u001b[39m","time":"2021-10-28T07:29:37.391Z","v":0}
{"name":"hexo","hostname":"lijinglun","pid":56583,"level":30,"msg":"Generated: \u001b[35m2018/05/03/Phaser游戏开发2/index.html\u001b[39m","time":"2021-10-28T07:29:37.392Z","v":0}
{"name":"hexo","hostname":"lijinglun","pid":56583,"level":30,"msg":"Generated: \u001b[35mjs/libs/jquery.js\u001b[39m","time":"2021-10-28T07:29:37.393Z","v":0}
{"name":"hexo","hostname":"lijinglun","pid":56583,"level":30,"msg":"Generated: \u001b[35m2018/04/27/登录/1.png\u001b[39m","time":"2021-10-28T07:29:37.393Z","v":0}
{"name":"hexo","hostname":"lijinglun","pid":56583,"level":30,"msg":"Generated: \u001b[35massets/fancybox/helpers/jquery.fancybox-media.js\u001b[39m","time":"2021-10-28T07:29:37.393Z","v":0}
{"name":"hexo","hostname":"lijinglun","pid":56583,"level":30,"msg":"Generated: \u001b[35m2018/04/27/Phaser游戏开发/index.html\u001b[39m","time":"2021-10-28T07:29:37.394Z","v":0}
{"name":"hexo","hostname":"lijinglun","pid":56583,"level":30,"msg":"Generated: \u001b[35m2017/08/06/canvas压缩图片/index.html\u001b[39m","time":"2021-10-28T07:29:37.395Z","v":0}
{"name":"hexo","hostname":"lijinglun","pid":56583,"level":30,"msg":"Generated: \u001b[35mfonts/fontawesome-webfont.svg\u001b[39m","time":"2021-10-28T07:29:37.395Z","v":0}
{"name":"hexo","hostname":"lijinglun","pid":56583,"level":30,"msg":"Generated: \u001b[35m2017/08/06/canvas压缩图片/header.jpeg\u001b[39m","time":"2021-10-28T07:29:37.395Z","v":0}
{"name":"hexo","hostname":"lijinglun","pid":56583,"level":30,"msg":"Generated: \u001b[35m2017/07/24/chrome_1/6.png\u001b[39m","time":"2021-10-28T07:29:37.395Z","v":0}
{"name":"hexo","hostname":"lijinglun","pid":56583,"level":30,"msg":"Generated: \u001b[35m2018/01/15/新年新展望/cover.jpg\u001b[39m","time":"2021-10-28T07:29:37.396Z","v":0}
{"name":"hexo","hostname":"lijinglun","pid":56583,"level":30,"msg":"Generated: \u001b[35m2018/04/27/登录/cover.jpg\u001b[39m","time":"2021-10-28T07:29:37.396Z","v":0}
{"name":"hexo","hostname":"lijinglun","pid":56583,"level":30,"msg":"Generated: \u001b[35m2017/07/24/chrome_1/5.png\u001b[39m","time":"2021-10-28T07:29:37.396Z","v":0}
{"name":"hexo","hostname":"lijinglun","pid":56583,"level":30,"msg":"Generated: \u001b[35m2017/07/24/chrome_1/3.png\u001b[39m","time":"2021-10-28T07:29:37.396Z","v":0}
{"name":"hexo","hostname":"lijinglun","pid":56583,"level":30,"msg":"Generated: \u001b[35m2017/07/24/chrome_1/cover.jpg\u001b[39m","time":"2021-10-28T07:29:37.397Z","v":0}
{"name":"hexo","hostname":"lijinglun","pid":56583,"level":30,"msg":"Generated: \u001b[35m2018/05/03/Phaser游戏开发2/phaser1.zip\u001b[39m","time":"2021-10-28T07:29:37.397Z","v":0}
{"name":"hexo","hostname":"lijinglun","pid":56583,"level":30,"msg":"Generated: \u001b[35m2018/04/27/登录/index.html\u001b[39m","time":"2021-10-28T07:29:37.397Z","v":0}
{"name":"hexo","hostname":"lijinglun","pid":56583,"level":30,"msg":"Generated: \u001b[35m2017/07/24/chrome_1/4.png\u001b[39m","time":"2021-10-28T07:29:37.404Z","v":0}
{"name":"hexo","hostname":"lijinglun","pid":56583,"level":30,"msg":"Generated: \u001b[35m2017/07/24/chrome_1/1.png\u001b[39m","time":"2021-10-28T07:29:37.405Z","v":0}
{"name":"hexo","hostname":"lijinglun","pid":56583,"level":30,"msg":"Generated: \u001b[35m2018/01/15/新年新展望/1.jpeg\u001b[39m","time":"2021-10-28T07:29:37.428Z","v":0}
{"name":"hexo","hostname":"lijinglun","pid":56583,"level":30,"msg":"Generated: \u001b[35m2017/07/24/chrome_1/1.gif\u001b[39m","time":"2021-10-28T07:29:37.454Z","v":0}
{"name":"hexo","hostname":"lijinglun","pid":56583,"level":30,"msg":"Generated: \u001b[35m2017/07/24/chrome_1/2.gif\u001b[39m","time":"2021-10-28T07:29:37.456Z","v":0}
{"name":"hexo","hostname":"lijinglun","pid":56583,"level":30,"msg":"151 files generated in \u001b[36m1.85 s\u001b[39m","time":"2021-10-28T07:29:37.456Z","v":0}
{"name":"hexo","hostname":"lijinglun","pid":56583,"level":20,"msg":"Database saved","time":"2021-10-28T07:29:37.479Z","v":0}
