Arguments: 
  /usr/local/bin/node /usr/local/bin/yarn

PATH: 
  /usr/local/bin:/usr/bin:/bin:/usr/sbin:/sbin:/usr/local/aria2/bin:/Library/Apple/usr/bin

Yarn version: 
  1.22.4

Node version: 
  14.4.0

Platform: 
  darwin x64

Trace: 
  Error: https://github.com/codepiano/lunr.js: ETIMEDOUT
      at Timeout._onTimeout (/usr/local/lib/node_modules/yarn/lib/cli.js:141408:19)
      at listOnTimeout (internal/timers.js:549:17)
      at processTimers (internal/timers.js:492:7)

npm manifest: 
  {
    "name": "chinalijinglun.github.io",
    "version": "1.0.0",
    "private": true,
    "hexo": {
      "version": "3.7.1"
    },
    "dependencies": {
      "cheerio": "^0.22.0",
      "fs-extra": "^2.0.0",
      "hexo": "^3.2.0",
      "hexo-deployer-git": "^0.2.0",
      "hexo-filter-cleanup": "^1.2.2",
      "hexo-generator-archive": "^0.1.4",
      "hexo-generator-category": "^0.1.3",
      "hexo-generator-feed": "^1.2.2",
      "hexo-generator-fragments": "^1.0.0",
      "hexo-generator-index": "^0.2.0",
      "hexo-generator-json-feed": "^1.0.0",
      "hexo-generator-tag": "^0.2.0",
      "hexo-renderer-ejs": "^0.2.0",
      "hexo-renderer-marked": "^0.2.10",
      "hexo-renderer-stylus": "^0.3.1",
      "hexo-server": "^0.2.0",
      "hexo-util": "^0.6.0",
      "hexo-wordcount": "2.0.0",
      "lodash": "^4.17.4",
      "lunr": "github:codepiano/lunr.js.git"
    }
  }

yarn manifest: 
  No manifest

Lockfile: 
  No lockfile
